<?xml version="1.0" encoding="UTF-8" ?>
<testsuite errors="0" failures="0" hostname="kristjan-xp" name="core.interfaces.ComputeManagerTest" tests="8" time="0.203" timestamp="2011-11-13T14:52:54">
  <properties>
[...]
</properties>
  <testcase classname="core.interfaces.ComputeManagerTest" name="testComputeManager" time="0.063" />
  <testcase classname="core.interfaces.ComputeManagerTest" name="testNegativeIndexItem" time="0.015" />
  <testcase classname="core.interfaces.ComputeManagerTest" name="testCount" time="0.016" />
  <testcase classname="core.interfaces.ComputeManagerTest" name="testDetails" time="0.016" />
  <testcase classname="core.interfaces.ComputeManagerTest" name="testWithNullString" time="0.0" />
  <testcase classname="core.interfaces.ComputeManagerTest" name="testCreateEmptyItem" time="0.015" />
  <testcase classname="core.interfaces.ComputeManagerTest" name="testCreateItem" time="0.031" />
  <testcase classname="core.interfaces.ComputeManagerTest" name="testDelete" time="0.0" />
  <system-out><![CDATA[EMMA: collecting runtime coverage data ...
]]></system-out>
  <system-err><![CDATA[]]></system-err>
</testsuite>
